0 info it worked if it ends with ok
1 verbose cli [ 'C:\\Program Files\\nodejs\\node.exe',
1 verbose cli   'C:\\Program Files\\nodejs\\node_modules\\npm\\bin\\npm-cli.js',
1 verbose cli   'start' ]
2 info using npm@3.7.3
3 info using node@v5.8.0
4 verbose run-script [ 'prestart', 'start', 'poststart' ]
5 info lifecycle Eblog@0.0.1~prestart: Eblog@0.0.1
6 silly lifecycle Eblog@0.0.1~prestart: no script for prestart, continuing
7 info lifecycle Eblog@0.0.1~start: Eblog@0.0.1
8 verbose lifecycle Eblog@0.0.1~start: unsafe-perm in lifecycle true
9 verbose lifecycle Eblog@0.0.1~start: PATH: C:\Program Files\nodejs\node_modules\npm\bin\node-gyp-bin;C:\JsWorkspace\EBlog\node_modules\.bin;C:\Program Files\nodejs;C:\ProgramData\Oracle\Java\javapath;C:\Oracle\product\11.2.0\dbhome_1\bin;C:\Program Files\IBM\WebSphere MQ\java\lib;C:\Program Files\IBM\WebSphere MQ\java\lib64;C:\Program Files\Common Files\Fermat;C:\Program Files (x86)\Common Files\Fermat;C:\app\xuxiao\product\11.2.0\client_1;C:\Program Files\avs\bin;C:\Progra~2\Sybase\DataAccess\ADONET\dll;C:\Progra~2\Sybase\DataAccess\ODBC\dll;C:\Progra~2\Sybase\DataAccess\OLEDB\dll;C:\Progra~2\Sybase\OCS-15_0\lib3p;C:\Progra~2\Sybase\OCS-15_0\dll;C:\Progra~2\Sybase\OCS-15_0\bin;C:\WINDOWS\system32;C:\WINDOWS;C:\WINDOWS\System32\Wbem;C:\WINDOWS\System32\WindowsPowerShell\v1.0\;C:\Program Files (x86)\Enterprise Vault\EVClient\;C:\Program Files (x86)\WebEx\Productivity Tools;C:\ROIDE\maven-3.0.3\bin;C:\Program Files\Java\jdk1.7.0_55\bin;C:\Program Files\Java\jdk1.7.0_55\jre\bin;C:\Program Files\IBM\WebSphere MQ\bin64;C:\Program Files\IBM\WebSphere MQ\bin;C:\Program Files\IBM\WebSphere MQ\tools\c\samples\bin;C:\WINDOWS\system32\config\systemprofile\.dnx\bin;C:\Program Files\Microsoft DNX\Dnvm\;C:\Program Files\Microsoft SQL Server\120\Tools\Binn\;C:\Program Files\nodejs\;c:\Program Files (x86)\Microsoft SQL Server\110\Tools\Binn\;c:\Program Files\Microsoft SQL Server\110\Tools\Binn\;c:\Program Files\Microsoft SQL Server\110\DTS\Binn\;C:\Program Files\TortoiseGit\bin;C:\Users\XuXiao\Perforce;C:\Users\XuXiao\AppData\Roaming\npm;C:\Program Files (x86)\Microsoft VS Code\bin
10 verbose lifecycle Eblog@0.0.1~start: CWD: C:\JsWorkspace\EBlog
11 silly lifecycle Eblog@0.0.1~start: Args: [ '/d /s /c', 'node ./bin/www' ]
12 silly lifecycle Eblog@0.0.1~start: Returned: code: 1  signal: null
13 info lifecycle Eblog@0.0.1~start: Failed to exec start script
14 verbose stack Error: Eblog@0.0.1 start: `node ./bin/www`
14 verbose stack Exit status 1
14 verbose stack     at EventEmitter.<anonymous> (C:\Program Files\nodejs\node_modules\npm\lib\utils\lifecycle.js:239:16)
14 verbose stack     at emitTwo (events.js:100:13)
14 verbose stack     at EventEmitter.emit (events.js:185:7)
14 verbose stack     at ChildProcess.<anonymous> (C:\Program Files\nodejs\node_modules\npm\lib\utils\spawn.js:24:14)
14 verbose stack     at emitTwo (events.js:100:13)
14 verbose stack     at ChildProcess.emit (events.js:185:7)
14 verbose stack     at maybeClose (internal/child_process.js:850:16)
14 verbose stack     at Process.ChildProcess._handle.onexit (internal/child_process.js:215:5)
15 verbose pkgid Eblog@0.0.1
16 verbose cwd C:\JsWorkspace\EBlog
17 error Windows_NT 6.1.7601
18 error argv "C:\\Program Files\\nodejs\\node.exe" "C:\\Program Files\\nodejs\\node_modules\\npm\\bin\\npm-cli.js" "start"
19 error node v5.8.0
20 error npm  v3.7.3
21 error code ELIFECYCLE
22 error Eblog@0.0.1 start: `node ./bin/www`
22 error Exit status 1
23 error Failed at the Eblog@0.0.1 start script 'node ./bin/www'.
23 error Make sure you have the latest version of node.js and npm installed.
23 error If you do, this is most likely a problem with the Eblog package,
23 error not with npm itself.
23 error Tell the author that this fails on your system:
23 error     node ./bin/www
23 error You can get information on how to open an issue for this project with:
23 error     npm bugs Eblog
23 error Or if that isn't available, you can get their info via:
23 error     npm owner ls Eblog
23 error There is likely additional logging output above.
24 verbose exit [ 1, true ]
